#
# A fatal error has been detected by the Java Runtime Environment:
#
#  SIGSEGV (0xb) at pc=0x8a127ac2, pid=11730, tid=3062532928
#
# JRE version: 7.0_25-b15
# Java VM: Java HotSpot(TM) Server VM (23.25-b01 mixed mode linux-x86 )
# Problematic frame:
# C  [libopenal.so+0x1bac2]  alcCreateContext+0xd2
#
# Failed to write core dump. Core dumps have been disabled. To enable core dumping, try "ulimit -c unlimited" before starting Java again
#
# If you would like to submit a bug report, please visit:
#   http://bugreport.sun.com/bugreport/crash.jsp
# The crash happened outside the Java Virtual Machine in native code.
# See problematic frame for where to report the bug.
#

---------------  T H R E A D  ---------------

Current thread (0xb6706800):  JavaThread "main" [_thread_in_native, id=11732, stack(0xb6858000,0xb68a9000)]

siginfo:si_signo=SIGSEGV: si_errno=0, si_code=2 (SEGV_ACCERR), si_addr=0x89fff004

Registers:
EAX=0x89fff004, EBX=0x8a15bff4, ECX=0x000000ff, EDX=0x00000001
ESP=0xb68a78a0, EBP=0x89ffeffc, ESI=0x89fe6070, EDI=0x00000001
EIP=0x8a127ac2, EFLAGS=0x00010293, CR2=0x89fff004

Top of Stack: (sp=0xb68a78a0)
0xb68a78a0:   00000000 8fe92ff0 00000000 8fe8f678
0xb68a78b0:   00000000 b68a78c8 b68a78f8 b36c4584
0xb68a78c0:   00000000 b36c9c59 b703ff08 8f9390e0
0xb68a78d0:   00000004 00000000 b68a78d8 00014cd7
0xb68a78e0:   00000000 0000000d b6706f58 b68a79e4
0xb68a78f0:   b6ae755e 000000ff b6f2c1e6 b68a790c
0xb68a7900:   b70c6110 b68a7bb4 b6704d10 b68a794c
0xb68a7910:   b6cdaa51 b68a7938 00000004 0000ac44 

Instructions: (pc=0x8a127ac2)
0x8a127aa2:   8d b6 00 00 00 00 8b 55 00 81 fa 11 10 00 00 74
0x8a127ab2:   3b 81 fa 03 00 02 00 75 07 8b 50 fc 89 54 24 78
0x8a127ac2:   8b 10 89 c5 83 c0 08 85 d2 74 3a 81 fa 07 10 00
0x8a127ad2:   00 75 d3 8b 50 fc 89 54 24 7c 83 8e cc 00 00 00 

Register to memory mapping:

EAX=0x89fff004 is an unknown value
EBX=0x8a15bff4: <offset 0x4fff4> in /home/maor/stf/prgrmin/DosimOnline/lib/native/linux/libopenal.so at 0x8a10c000
ECX=0x000000ff is an unknown value
EDX=0x00000001 is an unknown value
ESP=0xb68a78a0 is pointing into the stack for thread: 0xb6706800
EBP=0x89ffeffc is an unknown value
ESI=0x89fe6070 is an unknown value
EDI=0x00000001 is an unknown value


Stack: [0xb6858000,0xb68a9000],  sp=0xb68a78a0,  free space=318k
Native frames: (J=compiled Java code, j=interpreted, Vv=VM code, C=native code)
C  [libopenal.so+0x1bac2]  alcCreateContext+0xd2

Java frames: (J=compiled Java code, j=interpreted, Vv=VM code)
j  org.lwjgl.openal.ALC10.nalcCreateContext(JJ)J+0
j  org.lwjgl.openal.ALC10.alcCreateContext(Lorg/lwjgl/openal/ALCdevice;Ljava/nio/IntBuffer;)Lorg/lwjgl/openal/ALCcontext;+8
j  org.lwjgl.openal.AL.init(Ljava/lang/String;IIZZ)V+69
j  org.lwjgl.openal.AL.create(Ljava/lang/String;IIZZ)V+227
j  org.lwjgl.openal.AL.create(Ljava/lang/String;IIZ)V+5
j  org.lwjgl.openal.AL.create()V+6
j  org.newdawn.slick.openal.SoundStore$1.run()Ljava/lang/Object;+0
v  ~StubRoutines::call_stub
j  java.security.AccessController.doPrivileged(Ljava/security/PrivilegedAction;)Ljava/lang/Object;+0
j  org.newdawn.slick.openal.SoundStore.init()V+26
j  org.newdawn.slick.Music.<init>(Ljava/lang/String;Z)V+29
j  org.newdawn.slick.Music.<init>(Ljava/lang/String;)V+3
j  org.dosimonline.states.Menu.init(Lorg/newdawn/slick/GameContainer;Lorg/newdawn/slick/state/StateBasedGame;)V+160
j  org.newdawn.slick.state.StateBasedGame.init(Lorg/newdawn/slick/GameContainer;)V+45
j  org.newdawn.slick.AppGameContainer.setup()V+170
j  org.newdawn.slick.AppGameContainer.start()V+1
j  org.dosimonline.DosimOnline.main([Ljava/lang/String;)V+46
v  ~StubRoutines::call_stub

---------------  P R O C E S S  ---------------

Java Threads: ( => current thread )
  0x8d579400 JavaThread "process reaper" daemon [_thread_blocked, id=11751, stack(0x8d482000,0x8d493000)]
  0x8d578400 JavaThread "process reaper" daemon [_thread_blocked, id=11749, stack(0x8d493000,0x8d4a4000)]
  0x8d567000 JavaThread "AWT-XAWT" daemon [_thread_in_native, id=11747, stack(0x8d60e000,0x8d65f000)]
  0x8d546000 JavaThread "Java2D Disposer" daemon [_thread_blocked, id=11746, stack(0x8d670000,0x8d6c1000)]
  0x8f979800 JavaThread "Service Thread" daemon [_thread_blocked, id=11744, stack(0x8d9e5000,0x8da36000)]
  0x8f977c00 JavaThread "C2 CompilerThread1" daemon [_thread_blocked, id=11743, stack(0x8da36000,0x8dab7000)]
  0x8f975800 JavaThread "C2 CompilerThread0" daemon [_thread_in_native, id=11742, stack(0x8dab7000,0x8db38000)]
  0x8f974000 JavaThread "Signal Dispatcher" daemon [_thread_blocked, id=11741, stack(0x8db38000,0x8db89000)]
  0x8f937c00 JavaThread "Finalizer" daemon [_thread_blocked, id=11740, stack(0x8dd89000,0x8ddda000)]
  0x8f935c00 JavaThread "Reference Handler" daemon [_thread_blocked, id=11739, stack(0x8ddda000,0x8de2b000)]
=>0xb6706800 JavaThread "main" [_thread_in_native, id=11732, stack(0xb6858000,0xb68a9000)]

Other Threads:
  0x8f930400 VMThread [stack: 0x8de2b000,0x8deac000] [id=11738]
  0x8f97b400 WatcherThread [stack: 0x8d964000,0x8d9e5000] [id=11745]

VM state:not at safepoint (normal execution)

VM Mutex/Monitor currently owned by a thread: None

Heap
 PSYoungGen      total 17472K, used 8803K [0xa8e00000, 0xaa060000, 0xb3600000)
  eden space 16128K, 46% used [0xa8e00000,0xa954c630,0xa9dc0000)
  from space 1344K, 98% used [0xa9f10000,0xaa05c920,0xaa060000)
  to   space 1344K, 0% used [0xa9dc0000,0xa9dc0000,0xa9f10000)
 ParOldGen       total 21504K, used 5352K [0x93e00000, 0x95300000, 0xa8e00000)
  object space 21504K, 24% used [0x93e00000,0x9433a260,0x95300000)
 PSPermGen       total 16384K, used 6114K [0x8fe00000, 0x90e00000, 0x93e00000)
  object space 16384K, 37% used [0x8fe00000,0x903f8a80,0x90e00000)

Card table byte_map: [0x8fce3000,0x8fe00000] byte_map_base: 0x8f864000

Polling page: 0xb76ea000

Code Cache  [0xb36c1000, 0xb3901000, 0xb66c1000)
 total_blobs=392 nmethods=112 adapters=232 free_code_cache=48522Kb largest_free_block=49647360

Compilation events (10 events):
Event: 4.174 Thread 0x8f975800  109             sun.java2d.loops.OpaqueCopyArgbToAny::Blit (232 bytes)
Event: 4.265 Thread 0x8f975800 nmethod 109 0xb37591c8 code [0xb3759380, 0xb3759dd8]
Event: 4.389 Thread 0x8f977c00 nmethod 99 0xb3761648 code [0xb3761c60, 0xb3765e44]
Event: 4.582 Thread 0x8f975800  110             java.nio.DirectByteBuffer::put (18 bytes)
Event: 4.583 Thread 0x8f975800 nmethod 110 0xb3737448 code [0xb3737540, 0xb37375b0]
Event: 4.602 Thread 0x8f975800  111             org.newdawn.slick.opengl.PNGDecoder::unfilterAverage (87 bytes)
Event: 4.627 Thread 0x8f975800 nmethod 111 0xb3758bc8 code [0xb3758cc0, 0xb37590d0]
Event: 4.731 Thread 0x8f977c00  112             java.nio.DirectByteBuffer::get (16 bytes)
Event: 4.732 Thread 0x8f977c00 nmethod 112 0xb37446c8 code [0xb37447c0, 0xb3744830]
Event: 4.745 Thread 0x8f975800  113             org.newdawn.slick.opengl.PNGImageData::loadImage (757 bytes)

GC Heap History (8 events):
Event: 3.020 GC heap before
{Heap before GC invocations=1 (full 0):
 PSYoungGen      total 9408K, used 8064K [0xa8e00000, 0xa9880000, 0xb3600000)
  eden space 8064K, 100% used [0xa8e00000,0xa95e0000,0xa95e0000)
  from space 1344K, 0% used [0xa9730000,0xa9730000,0xa9880000)
  to   space 1344K, 0% used [0xa95e0000,0xa95e0000,0xa9730000)
 ParOldGen       total 21504K, used 0K [0x93e00000, 0x95300000, 0xa8e00000)
  object space 21504K, 0% used [0x93e00000,0x93e00000,0x95300000)
 PSPermGen       total 16384K, used 5545K [0x8fe00000, 0x90e00000, 0x93e00000)
  object space 16384K, 33% used [0x8fe00000,0x9036a468,0x90e00000)
Event: 3.038 GC heap after
Heap after GC invocations=1 (full 0):
 PSYoungGen      total 9408K, used 1328K [0xa8e00000, 0xa9880000, 0xb3600000)
  eden space 8064K, 0% used [0xa8e00000,0xa8e00000,0xa95e0000)
  from space 1344K, 98% used [0xa95e0000,0xa972c1b0,0xa9730000)
  to   space 1344K, 0% used [0xa9730000,0xa9730000,0xa9880000)
 ParOldGen       total 21504K, used 1853K [0x93e00000, 0x95300000, 0xa8e00000)
  object space 21504K, 8% used [0x93e00000,0x93fcf5c8,0x95300000)
 PSPermGen       total 16384K, used 5545K [0x8fe00000, 0x90e00000, 0x93e00000)
  object space 16384K, 33% used [0x8fe00000,0x9036a468,0x90e00000)
}
Event: 3.686 GC heap before
{Heap before GC invocations=2 (full 0):
 PSYoungGen      total 9408K, used 9359K [0xa8e00000, 0xa9880000, 0xb3600000)
  eden space 8064K, 99% used [0xa8e00000,0xa95d7cd8,0xa95e0000)
  from space 1344K, 98% used [0xa95e0000,0xa972c1b0,0xa9730000)
  to   space 1344K, 0% used [0xa9730000,0xa9730000,0xa9880000)
 ParOldGen       total 21504K, used 1853K [0x93e00000, 0x95300000, 0xa8e00000)
  object space 21504K, 8% used [0x93e00000,0x93fcf5c8,0x95300000)
 PSPermGen       total 16384K, used 5860K [0x8fe00000, 0x90e00000, 0x93e00000)
  object space 16384K, 35% used [0x8fe00000,0x903b9370,0x90e00000)
Event: 3.699 GC heap after
Heap after GC invocations=2 (full 0):
 PSYoungGen      total 9408K, used 1334K [0xa8e00000, 0xaa060000, 0xb3600000)
  eden space 8064K, 0% used [0xa8e00000,0xa8e00000,0xa95e0000)
  from space 1344K, 99% used [0xa9730000,0xa987d928,0xa9880000)
  to   space 1344K, 0% used [0xa95e0000,0xa95e0000,0xa9730000)
 ParOldGen       total 21504K, used 3106K [0x93e00000, 0x95300000, 0xa8e00000)
  object space 21504K, 14% used [0x93e00000,0x94108950,0x95300000)
 PSPermGen       total 16384K, used 5860K [0x8fe00000, 0x90e00000, 0x93e00000)
  object space 16384K, 35% used [0x8fe00000,0x903b9370,0x90e00000)
}
Event: 4.431 GC heap before
{Heap before GC invocations=3 (full 0):
 PSYoungGen      total 9408K, used 9398K [0xa8e00000, 0xaa060000, 0xb3600000)
  eden space 8064K, 100% used [0xa8e00000,0xa95e0000,0xa95e0000)
  from space 1344K, 99% used [0xa9730000,0xa987d928,0xa9880000)
  to   space 1344K, 0% used [0xa95e0000,0xa95e0000,0xa9730000)
 ParOldGen       total 21504K, used 3106K [0x93e00000, 0x95300000, 0xa8e00000)
  object space 21504K, 14% used [0x93e00000,0x94108950,0x95300000)
 PSPermGen       total 16384K, used 5951K [0x8fe00000, 0x90e00000, 0x93e00000)
  object space 16384K, 36% used [0x8fe00000,0x903cfdf0,0x90e00000)
Event: 4.437 GC heap after
Heap after GC invocations=3 (full 0):
 PSYoungGen      total 9408K, used 1330K [0xa8e00000, 0xaa060000, 0xb3600000)
  eden space 8064K, 0% used [0xa8e00000,0xa8e00000,0xa95e0000)
  from space 1344K, 98% used [0xa95e0000,0xa972c920,0xa9730000)
  to   space 1344K, 0% used [0xa9f10000,0xa9f10000,0xaa060000)
 ParOldGen       total 21504K, used 4328K [0x93e00000, 0x95300000, 0xa8e00000)
  object space 21504K, 20% used [0x93e00000,0x9423a250,0x95300000)
 PSPermGen       total 16384K, used 5951K [0x8fe00000, 0x90e00000, 0x93e00000)
  object space 16384K, 36% used [0x8fe00000,0x903cfdf0,0x90e00000)
}
Event: 4.520 GC heap before
{Heap before GC invocations=4 (full 0):
 PSYoungGen      total 9408K, used 9394K [0xa8e00000, 0xaa060000, 0xb3600000)
  eden space 8064K, 100% used [0xa8e00000,0xa95e0000,0xa95e0000)
  from space 1344K, 98% used [0xa95e0000,0xa972c920,0xa9730000)
  to   space 1344K, 0% used [0xa9f10000,0xa9f10000,0xaa060000)
 ParOldGen       total 21504K, used 4328K [0x93e00000, 0x95300000, 0xa8e00000)
  object space 21504K, 20% used [0x93e00000,0x9423a250,0x95300000)
 PSPermGen       total 16384K, used 5951K [0x8fe00000, 0x90e00000, 0x93e00000)
  object space 16384K, 36% used [0x8fe00000,0x903cff78,0x90e00000)
Event: 4.526 GC heap after
Heap after GC invocations=4 (full 0):
 PSYoungGen      total 17472K, used 1330K [0xa8e00000, 0xaa060000, 0xb3600000)
  eden space 16128K, 0% used [0xa8e00000,0xa8e00000,0xa9dc0000)
  from space 1344K, 98% used [0xa9f10000,0xaa05c920,0xaa060000)
  to   space 1344K, 0% used [0xa9dc0000,0xa9dc0000,0xa9f10000)
 ParOldGen       total 21504K, used 5352K [0x93e00000, 0x95300000, 0xa8e00000)
  object space 21504K, 24% used [0x93e00000,0x9433a260,0x95300000)
 PSPermGen       total 16384K, used 5951K [0x8fe00000, 0x90e00000, 0x93e00000)
  object space 16384K, 36% used [0x8fe00000,0x903cff78,0x90e00000)
}

Deoptimization events (5 events):
Event: 2.965 Thread 0xb6706800 Uncommon trap -34 fr.pc 0xb372508c
Event: 2.966 Thread 0xb6706800 Uncommon trap -34 fr.pc 0xb372508c
Event: 2.968 Thread 0xb6706800 Uncommon trap -34 fr.pc 0xb372508c
Event: 2.970 Thread 0xb6706800 Uncommon trap -34 fr.pc 0xb372508c
Event: 3.373 Thread 0xb6706800 Uncommon trap 45 fr.pc 0xb3728b34

Internal exceptions (10 events):
Event: 4.772 Thread 0xb6706800 Threw 0xa94f9488 at /HUDSON/workspace/jdk7u25-2-build-linux-i586-product/jdk7u25/hotspot/src/share/vm/prims/jvm.cpp:1235
Event: 4.772 Thread 0xb6706800 Threw 0xa94f9e58 at /HUDSON/workspace/jdk7u25-2-build-linux-i586-product/jdk7u25/hotspot/src/share/vm/prims/jvm.cpp:1235
Event: 4.773 Thread 0xb6706800 Threw 0xa94facd8 at /HUDSON/workspace/jdk7u25-2-build-linux-i586-product/jdk7u25/hotspot/src/share/vm/prims/jni.cpp:742
Event: 4.773 Thread 0xb6706800 Threw 0xa94fb2c8 at /HUDSON/workspace/jdk7u25-2-build-linux-i586-product/jdk7u25/hotspot/src/share/vm/prims/jni.cpp:742
Event: 4.773 Thread 0xb6706800 Threw 0xa94fb760 at /HUDSON/workspace/jdk7u25-2-build-linux-i586-product/jdk7u25/hotspot/src/share/vm/prims/jni.cpp:742
Event: 4.774 Thread 0xb6706800 Threw 0xa94fbeb8 at /HUDSON/workspace/jdk7u25-2-build-linux-i586-product/jdk7u25/hotspot/src/share/vm/prims/jvm.cpp:1235
Event: 4.775 Thread 0xb6706800 Threw 0xa94fe6e8 at /HUDSON/workspace/jdk7u25-2-build-linux-i586-product/jdk7u25/hotspot/src/share/vm/prims/jvm.cpp:1235
Event: 4.799 Thread 0xb6706800 Threw 0xa950b5b8 at /HUDSON/workspace/jdk7u25-2-build-linux-i586-product/jdk7u25/hotspot/src/share/vm/prims/jvm.cpp:1235
Event: 4.800 Thread 0xb6706800 Threw 0xa950e278 at /HUDSON/workspace/jdk7u25-2-build-linux-i586-product/jdk7u25/hotspot/src/share/vm/prims/jvm.cpp:1235
Event: 4.800 Thread 0xb6706800 Threw 0xa95107f8 at /HUDSON/workspace/jdk7u25-2-build-linux-i586-product/jdk7u25/hotspot/src/share/vm/prims/jvm.cpp:1235

Events (10 events):
Event: 4.773 loading class 0x89f12cb0
Event: 4.773 loading class 0x89f12cb0 done
Event: 4.775 loading class 0x89fdd2a8
Event: 4.775 loading class 0x89fdd2a8 done
Event: 4.799 loading class 0x89fdfb18
Event: 4.799 loading class 0x89fdfb18 done
Event: 4.800 loading class 0x89fdd438
Event: 4.800 loading class 0x89fdd438 done
Event: 4.800 loading class 0x89fdfb48
Event: 4.800 loading class 0x89fdfb48 done


Dynamic libraries:
08048000-08049000 r-xp 00000000 08:01 13372883   /usr/lib/jvm/java-7-oracle/bin/java
08049000-0804a000 rw-p 00000000 08:01 13372883   /usr/lib/jvm/java-7-oracle/bin/java
08089000-08495000 rw-p 00000000 00:00 0          [heap]
83aff000-87b00000 rw-s 00000000 00:12 375003     /run/shm/pulse-shm-2461949963
87b00000-87b26000 rw-p 00000000 00:00 0 
87b26000-87c00000 ---p 00000000 00:00 0 
87c83000-87c84000 ---p 00000000 00:00 0 
87c84000-88484000 rw-p 00000000 00:00 0 
88484000-885ea000 r-xp 00000000 08:01 9835520    /usr/lib/i386-linux-gnu/libvorbisenc.so.2.0.8
885ea000-885fb000 r--p 00165000 08:01 9835520    /usr/lib/i386-linux-gnu/libvorbisenc.so.2.0.8
885fb000-885fc000 rw-p 00176000 08:01 9835520    /usr/lib/i386-linux-gnu/libvorbisenc.so.2.0.8
885fc000-89600000 rw-p 00000000 00:00 0 
89600000-89700000 rw-p 00000000 00:00 0 
8978a000-897ea000 r-xp 00000000 08:01 12848060   /usr/lib/jvm/java-7-oracle/jre/lib/i386/libt2k.so
897ea000-897ee000 rw-p 0005f000 08:01 12848060   /usr/lib/jvm/java-7-oracle/jre/lib/i386/libt2k.so
897ee000-897f2000 rw-p 00000000 00:00 0 
8986e000-89881000 r-xp 00000000 08:01 7602220    /lib/i386-linux-gnu/libresolv-2.15.so
89881000-89882000 ---p 00013000 08:01 7602220    /lib/i386-linux-gnu/libresolv-2.15.so
89882000-89883000 r--p 00013000 08:01 7602220    /lib/i386-linux-gnu/libresolv-2.15.so
89883000-89884000 rw-p 00014000 08:01 7602220    /lib/i386-linux-gnu/libresolv-2.15.so
89884000-89886000 rw-p 00000000 00:00 0 
89886000-898af000 r-xp 00000000 08:01 9835518    /usr/lib/i386-linux-gnu/libvorbis.so.0.4.5
898af000-898b0000 r--p 00028000 08:01 9835518    /usr/lib/i386-linux-gnu/libvorbis.so.0.4.5
898b0000-898b1000 rw-p 00029000 08:01 9835518    /usr/lib/i386-linux-gnu/libvorbis.so.0.4.5
898b1000-898fd000 r-xp 00000000 08:01 9834887    /usr/lib/i386-linux-gnu/libFLAC.so.8.2.0
898fd000-898fe000 r--p 0004b000 08:01 9834887    /usr/lib/i386-linux-gnu/libFLAC.so.8.2.0
898fe000-898ff000 rw-p 0004c000 08:01 9834887    /usr/lib/i386-linux-gnu/libFLAC.so.8.2.0
898ff000-89a00000 rw-p 00000000 00:00 0 
89a00000-89af9000 rw-p 00000000 00:00 0 
89af9000-89b00000 ---p 00000000 00:00 0 
89b0d000-89b79000 r-xp 00000000 08:01 9835455    /usr/lib/i386-linux-gnu/libsndfile.so.1.0.25
89b79000-89b7a000 r--p 0006c000 08:01 9835455    /usr/lib/i386-linux-gnu/libsndfile.so.1.0.25
89b7a000-89b7b000 rw-p 0006d000 08:01 9835455    /usr/lib/i386-linux-gnu/libsndfile.so.1.0.25
89b7b000-89b7f000 rw-p 00000000 00:00 0 
89b7f000-89bc6000 r-xp 00000000 08:01 7602298    /lib/i386-linux-gnu/libdbus-1.so.3.5.8
89bc6000-89bc7000 r--p 00047000 08:01 7602298    /lib/i386-linux-gnu/libdbus-1.so.3.5.8
89bc7000-89bc8000 rw-p 00048000 08:01 7602298    /lib/i386-linux-gnu/libdbus-1.so.3.5.8
89bc8000-89bc9000 r--s 00000000 08:01 7084022    /var/cache/fontconfig/c05880de57d1f5e948fdfacc138775d9-le32d4.cache-3
89bc9000-89bcf000 r--s 00000000 08:01 7077975    /var/cache/fontconfig/945677eb7aeaf62f1d50efc3fb3ec7d8-le32d4.cache-3
89bcf000-89bd5000 r--s 00000000 08:01 7087530    /var/cache/fontconfig/a6d8cf8e4ec09cdbc8633c31745a07dd-le32d4.cache-3
89bd5000-89bd9000 r--s 00000000 08:01 7083897    /var/cache/fontconfig/a755afe4a08bf5b97852ceb7400b47bc-le32d4.cache-3
89bd9000-89be0000 r--s 00000000 08:01 7086335    /var/cache/fontconfig/6d41288fd70b0be22e8c3a91e032eec0-le32d4.cache-3
89be0000-89beb000 r--s 00000000 08:01 7083891    /var/cache/fontconfig/04aabc0a78ac019cf9454389977116d2-le32d4.cache-3
89bfb000-89cfc000 rw-p 00000000 00:00 0 
89cfc000-89cfe000 r--s 00000000 08:01 7084020    /var/cache/fontconfig/99e8ed0e538f840c565b6ed5dad60d56-le32d4.cache-3
89cfe000-89d02000 r--s 00000000 08:01 7083850    /var/cache/fontconfig/b47c4e1ecd0709278f4910c18777a504-le32d4.cache-3
89d02000-89d08000 r--s 00000000 08:01 7087528    /var/cache/fontconfig/52f7bdb7ce746bfd7eaa1985bd9cfa93-le32d4.cache-3
89d08000-89d15000 r--s 00000000 08:01 7083849    /var/cache/fontconfig/d52a8644073d54c13679302ca1180695-le32d4.cache-3
89d29000-89d2f000 r-xp 00000000 08:01 9835360    /usr/lib/i386-linux-gnu/libogg.so.0.7.1
89d2f000-89d30000 r--p 00005000 08:01 9835360    /usr/lib/i386-linux-gnu/libogg.so.0.7.1
89d30000-89d31000 rw-p 00006000 08:01 9835360    /usr/lib/i386-linux-gnu/libogg.so.0.7.1
89d31000-89d94000 r-xp 00000000 08:01 9835892    /usr/lib/i386-linux-gnu/libpulsecommon-1.1.so
89d94000-89d95000 r--p 00062000 08:01 9835892    /usr/lib/i386-linux-gnu/libpulsecommon-1.1.so
89d95000-89d96000 rw-p 00063000 08:01 9835892    /usr/lib/i386-linux-gnu/libpulsecommon-1.1.so
89d96000-89de2000 r-xp 00000000 08:01 9833980    /usr/lib/i386-linux-gnu/libpulse.so.0.13.5
89de2000-89de3000 r--p 0004b000 08:01 9833980    /usr/lib/i386-linux-gnu/libpulse.so.0.13.5
89de3000-89de4000 rw-p 0004c000 08:01 9833980    /usr/lib/i386-linux-gnu/libpulse.so.0.13.5
89e00000-89efb000 rw-p 00000000 00:00 0 
89efb000-89f00000 ---p 00000000 00:00 0 
89f00000-89fff000 rw-p 00000000 00:00 0 
89fff000-8a000000 ---p 00000000 00:00 0 
8a000000-8a0ff000 rw-p 00000000 00:00 0 
8a0ff000-8a100000 ---p 00000000 00:00 0 
8a100000-8a103000 r--s 00000000 08:01 7083902    /var/cache/fontconfig/2cd17615ca594fa2959ae173292e504c-le32d4.cache-3
8a103000-8a105000 r--s 00000000 08:01 7084194    /var/cache/fontconfig/b5ea634b0fb353b8ea17632d1f9ef766-le32d4.cache-3
8a105000-8a10c000 r--s 00000000 08:01 9847089    /usr/lib/i386-linux-gnu/gconv/gconv-modules.cache
8a10c000-8a15a000 r-xp 00000000 08:01 9440383    /home/maor/stf/prgrmin/DosimOnline/lib/native/linux/libopenal.so
8a15a000-8a15c000 r--p 0004d000 08:01 9440383    /home/maor/stf/prgrmin/DosimOnline/lib/native/linux/libopenal.so
8a15c000-8a15d000 rw-p 0004f000 08:01 9440383    /home/maor/stf/prgrmin/DosimOnline/lib/native/linux/libopenal.so
8a15d000-8a1b9000 r-xp 00000000 08:01 12848470   /usr/lib/jvm/java-7-oracle/jre/lib/i386/libfontmanager.so
8a1b9000-8a1bc000 rw-p 0005b000 08:01 12848470   /usr/lib/jvm/java-7-oracle/jre/lib/i386/libfontmanager.so
8a1bc000-8a1c0000 rw-p 00000000 00:00 0 
8a1c0000-8a200000 rw-s 1e5e0000 00:05 10508      /dev/ati/card0
8a200000-8a2ff000 rw-p 00000000 00:00 0 
8a2ff000-8a300000 ---p 00000000 00:00 0 
8a300000-8a400000 rw-p 00000000 00:00 0 
8a400000-8a4ff000 rw-p 00000000 00:00 0 
8a4ff000-8a500000 ---p 00000000 00:00 0 
8a500000-8a501000 r--s 00000000 08:01 7083901    /var/cache/fontconfig/e7071f4a29fa870f4323321c154eba04-le32d4.cache-3
8a501000-8a502000 r--s 00000000 08:01 7083898    /var/cache/fontconfig/0d8c3b2ac0904cb8a57a757ad11a4a08-le32d4.cache-3
8a502000-8a505000 r--s 00000000 08:01 7083890    /var/cache/fontconfig/385c0604a188198f04d133e54aba7fe7-le32d4.cache-3
8a505000-8a506000 r--s 00000000 08:01 7084600    /var/cache/fontconfig/4794a0821666d79190d59a36cb4f44b5-le32d4.cache-3
8a506000-8a50a000 r--s 00000000 08:01 7083860    /var/cache/fontconfig/3047814df9a2f067bd2d96a2b9c36e5a-le32d4.cache-3
8a50a000-8ac0a000 rw-s 1e5be000 00:05 10508      /dev/ati/card0
8ac0a000-8ac87000 rw-p 00000000 00:00 0 
8ac87000-8acc2000 r-xp 00000000 08:01 12325734   /usr/lib/fglrx/libatiadlxx.so
8acc2000-8acc4000 rw-p 0003b000 08:01 12325734   /usr/lib/fglrx/libatiadlxx.so
8acc4000-8acd4000 rw-p 00000000 00:00 0 
8acd4000-8acda000 r--s 00000000 08:01 7083801    /var/cache/fontconfig/a0513722a37733a9dfd54dccd328039d-le32d4.cache-3
8acdf000-8ace4000 r-xp 00000000 08:01 9835007    /usr/lib/i386-linux-gnu/libasyncns.so.0.3.1
8ace4000-8ace5000 r--p 00004000 08:01 9835007    /usr/lib/i386-linux-gnu/libasyncns.so.0.3.1
8ace5000-8ace6000 rw-p 00005000 08:01 9835007    /usr/lib/i386-linux-gnu/libasyncns.so.0.3.1
8ace6000-8acee000 r-xp 00000000 08:01 7603212    /lib/i386-linux-gnu/libwrap.so.0.7.6
8acee000-8acef000 r--p 00007000 08:01 7603212    /lib/i386-linux-gnu/libwrap.so.0.7.6
8acef000-8acf0000 rw-p 00008000 08:01 7603212    /lib/i386-linux-gnu/libwrap.so.0.7.6
8acf0000-8ad00000 rw-s f9000000 00:05 10508      /dev/ati/card0
8ad00000-8adfa000 rw-p 00000000 00:00 0 
8adfa000-8ae00000 ---p 00000000 00:00 0 
8ae00000-8ae03000 r--s 00000000 08:01 7083861    /var/cache/fontconfig/8801497958630a81b71ace7c5f9b32a8-le32d4.cache-3
8ae03000-8ae04000 r--s 00000000 08:01 7083859    /var/cache/fontconfig/56cf4f4769d0f4abc89a4895d7bd3ae1-le32d4.cache-3
8ae04000-8ae0f000 r--s 00000000 08:01 7080080    /var/cache/fontconfig/e13b20fdb08344e0e664864cc2ede53d-le32d4.cache-3
8ae0f000-8d187000 r-xp 00000000 08:01 12453704   /usr/lib/fglrx/dri/fglrx_dri.so
8d187000-8d278000 rw-p 02378000 08:01 12453704   /usr/lib/fglrx/dri/fglrx_dri.so
8d278000-8d346000 rw-p 00000000 00:00 0 
8d346000-8d35a000 r-xp 00000000 08:01 12851691   /usr/lib/jvm/java-7-oracle/jre/lib/i386/libnet.so
8d35a000-8d35b000 rw-p 00014000 08:01 12851691   /usr/lib/jvm/java-7-oracle/jre/lib/i386/libnet.so
8d35b000-8d377000 r-xp 00000000 08:01 7603124    /lib/i386-linux-gnu/libgcc_s.so.1
8d377000-8d378000 r--p 0001b000 08:01 7603124    /lib/i386-linux-gnu/libgcc_s.so.1
8d378000-8d379000 rw-p 0001c000 08:01 7603124    /lib/i386-linux-gnu/libgcc_s.so.1
8d379000-8d445000 r-xp 00000000 08:01 12325738   /usr/lib/fglrx/libGL.so.1.2
8d445000-8d451000 rwxp 000cb000 08:01 12325738   /usr/lib/fglrx/libGL.so.1.2
8d451000-8d466000 rwxp 00000000 00:00 0 
8d466000-8d46a000 r--s 00000000 08:01 7087309    /var/cache/fontconfig/3f7329c5293ffd510edef78f73874cfd-le32d4.cache-3
8d46a000-8d46d000 r--s 00000000 08:01 7084187    /var/cache/fontconfig/7ef2298fde41cc6eeb7af42e48b7d293-le32d4.cache-3
8d473000-8d481000 r-xp 00000000 08:01 12848045   /usr/lib/jvm/java-7-oracle/jre/lib/i386/libnio.so
8d481000-8d482000 rw-p 0000e000 08:01 12848045   /usr/lib/jvm/java-7-oracle/jre/lib/i386/libnio.so
8d482000-8d485000 ---p 00000000 00:00 0 
8d485000-8d493000 rw-p 00000000 00:00 0 
8d493000-8d496000 ---p 00000000 00:00 0 
8d496000-8d4a4000 rw-p 00000000 00:00 0 
8d4a4000-8d4fe000 r-xp 00000000 08:01 9440373    /home/maor/stf/prgrmin/DosimOnline/lib/native/linux/liblwjgl.so
8d4fe000-8d4ff000 r--p 0005a000 08:01 9440373    /home/maor/stf/prgrmin/DosimOnline/lib/native/linux/liblwjgl.so
8d4ff000-8d500000 rw-p 0005b000 08:01 9440373    /home/maor/stf/prgrmin/DosimOnline/lib/native/linux/liblwjgl.so
8d500000-8d600000 rw-p 00000000 00:00 0 
8d602000-8d608000 r-xp 00000000 08:01 9835294    /usr/lib/i386-linux-gnu/libjson.so.0.0.1
8d608000-8d609000 r--p 00005000 08:01 9835294    /usr/lib/i386-linux-gnu/libjson.so.0.0.1
8d609000-8d60a000 rw-p 00006000 08:01 9835294    /usr/lib/i386-linux-gnu/libjson.so.0.0.1
8d60a000-8d60c000 r-xp 00000000 08:01 9834968    /usr/lib/i386-linux-gnu/libXinerama.so.1.0.0
8d60c000-8d60d000 r--p 00001000 08:01 9834968    /usr/lib/i386-linux-gnu/libXinerama.so.1.0.0
8d60d000-8d60e000 rw-p 00002000 08:01 9834968    /usr/lib/i386-linux-gnu/libXinerama.so.1.0.0
8d60e000-8d611000 ---p 00000000 00:00 0 
8d611000-8d65f000 rw-p 00000000 00:00 0 
8d65f000-8d663000 r-xp 00000000 08:01 9842741    /usr/lib/i386-linux-gnu/libXfixes.so.3.1.0
8d663000-8d664000 r--p 00004000 08:01 9842741    /usr/lib/i386-linux-gnu/libXfixes.so.3.1.0
8d664000-8d665000 rw-p 00005000 08:01 9842741    /usr/lib/i386-linux-gnu/libXfixes.so.3.1.0
8d665000-8d66e000 r-xp 00000000 08:01 9834982    /usr/lib/i386-linux-gnu/libXcursor.so.1.0.2
8d66e000-8d66f000 r--p 00008000 08:01 9834982    /usr/lib/i386-linux-gnu/libXcursor.so.1.0.2
8d66f000-8d670000 rw-p 00009000 08:01 9834982    /usr/lib/i386-linux-gnu/libXcursor.so.1.0.2
8d670000-8d673000 ---p 00000000 00:00 0 
8d673000-8d6c1000 rw-p 00000000 00:00 0 
8d6c1000-8d6c6000 r-xp 00000000 08:01 9834961    /usr/lib/i386-linux-gnu/libXdmcp.so.6.0.0
8d6c6000-8d6c7000 r--p 00004000 08:01 9834961    /usr/lib/i386-linux-gnu/libXdmcp.so.6.0.0
8d6c7000-8d6c8000 rw-p 00005000 08:01 9834961    /usr/lib/i386-linux-gnu/libXdmcp.so.6.0.0
8d6c8000-8d6ca000 r-xp 00000000 08:01 9834950    /usr/lib/i386-linux-gnu/libXau.so.6.0.0
8d6ca000-8d6cb000 r--p 00001000 08:01 9834950    /usr/lib/i386-linux-gnu/libXau.so.6.0.0
8d6cb000-8d6cc000 rw-p 00002000 08:01 9834950    /usr/lib/i386-linux-gnu/libXau.so.6.0.0
8d6cc000-8d6eb000 r-xp 00000000 08:01 9847401    /usr/lib/i386-linux-gnu/libxcb.so.1.1.0
8d6eb000-8d6ec000 r--p 0001f000 08:01 9847401    /usr/lib/i386-linux-gnu/libxcb.so.1.1.0
8d6ec000-8d6ed000 rw-p 00020000 08:01 9847401    /usr/lib/i386-linux-gnu/libxcb.so.1.1.0
8d6ed000-8d6fb000 r-xp 00000000 08:01 9847415    /usr/lib/i386-linux-gnu/libXi.so.6.1.0
8d6fb000-8d6fc000 r--p 0000d000 08:01 9847415    /usr/lib/i386-linux-gnu/libXi.so.6.1.0
8d6fc000-8d6fd000 rw-p 0000e000 08:01 9847415    /usr/lib/i386-linux-gnu/libXi.so.6.1.0
8d6fd000-8d702000 r-xp 00000000 08:01 9834984    /usr/lib/i386-linux-gnu/libXtst.so.6.1.0
8d702000-8d703000 r--p 00004000 08:01 9834984    /usr/lib/i386-linux-gnu/libXtst.so.6.1.0
8d703000-8d704000 rw-p 00005000 08:01 9834984    /usr/lib/i386-linux-gnu/libXtst.so.6.1.0
8d704000-8d834000 r-xp 00000000 08:01 9847403    /usr/lib/i386-linux-gnu/libX11.so.6.3.0
8d834000-8d835000 r--p 0012f000 08:01 9847403    /usr/lib/i386-linux-gnu/libX11.so.6.3.0
8d835000-8d837000 rw-p 00130000 08:01 9847403    /usr/lib/i386-linux-gnu/libX11.so.6.3.0
8d837000-8d838000 rw-p 00000000 00:00 0 
8d838000-8d848000 r-xp 00000000 08:01 9847406    /usr/lib/i386-linux-gnu/libXext.so.6.4.0
8d848000-8d849000 r--p 0000f000 08:01 9847406    /usr/lib/i386-linux-gnu/libXext.so.6.4.0
8d849000-8d84a000 rw-p 00010000 08:01 9847406    /usr/lib/i386-linux-gnu/libXext.so.6.4.0
8d84a000-8d84b000 r--s 00000000 08:01 7083851    /var/cache/fontconfig/b9d506c9ac06c20b433354fa67a72993-le32d4.cache-3
8d84b000-8d84d000 rw-s 1e5ba000 00:05 10508      /dev/ati/card0
8d84d000-8d854000 r-xp 00000000 08:01 12325747   /usr/lib/fglrx/libatiuki.so.1.0
8d854000-8d855000 rw-p 00006000 08:01 12325747   /usr/lib/fglrx/libatiuki.so.1.0
8d855000-8d859000 r-xp 00000000 08:01 9834988    /usr/lib/i386-linux-gnu/libXxf86vm.so.1.0.0
8d859000-8d85a000 r--p 00003000 08:01 9834988    /usr/lib/i386-linux-gnu/libXxf86vm.so.1.0.0
8d85a000-8d85b000 rw-p 00004000 08:01 9834988    /usr/lib/i386-linux-gnu/libXxf86vm.so.1.0.0
8d85b000-8d862000 r-xp 00000000 08:01 9834976    /usr/lib/i386-linux-gnu/libXrandr.so.2.2.0
8d862000-8d863000 r--p 00006000 08:01 9834976    /usr/lib/i386-linux-gnu/libXrandr.so.2.2.0
8d863000-8d864000 rw-p 00007000 08:01 9834976    /usr/lib/i386-linux-gnu/libXrandr.so.2.2.0
8d864000-8d865000 r-xp 00000000 08:01 12849915   /usr/lib/jvm/java-7-oracle/jre/lib/i386/libjawt.so
8d865000-8d866000 rw-p 00000000 08:01 12849915   /usr/lib/jvm/java-7-oracle/jre/lib/i386/libjawt.so
8d866000-8d8af000 r-xp 00000000 08:01 12851706   /usr/lib/jvm/java-7-oracle/jre/lib/i386/xawt/libmawt.so
8d8af000-8d8b1000 rw-p 00049000 08:01 12851706   /usr/lib/jvm/java-7-oracle/jre/lib/i386/xawt/libmawt.so
8d8b1000-8d8b2000 rw-p 00000000 00:00 0 
8d8b2000-8d939000 r-xp 00000000 08:01 12848050   /usr/lib/jvm/java-7-oracle/jre/lib/i386/libawt.so
8d939000-8d940000 rw-p 00086000 08:01 12848050   /usr/lib/jvm/java-7-oracle/jre/lib/i386/libawt.so
8d940000-8d964000 rw-p 00000000 00:00 0 
8d964000-8d965000 ---p 00000000 00:00 0 
8d965000-8d9e5000 rw-p 00000000 00:00 0 
8d9e5000-8d9e8000 ---p 00000000 00:00 0 
8d9e8000-8da36000 rw-p 00000000 00:00 0 
8da36000-8da39000 ---p 00000000 00:00 0 
8da39000-8dab7000 rw-p 00000000 00:00 0 
8dab7000-8daba000 ---p 00000000 00:00 0 
8daba000-8db38000 rw-p 00000000 00:00 0 
8db38000-8db3b000 ---p 00000000 00:00 0 
8db3b000-8db89000 rw-p 00000000 00:00 0 
8db89000-8dd89000 r--p 00000000 08:01 9837571    /usr/lib/locale/locale-archive
8dd89000-8dd8c000 ---p 00000000 00:00 0 
8dd8c000-8ddda000 rw-p 00000000 00:00 0 
8ddda000-8dddd000 ---p 00000000 00:00 0 
8dddd000-8de2b000 rw-p 00000000 00:00 0 
8de2b000-8de2c000 ---p 00000000 00:00 0 
8de2c000-8def7000 rw-p 00000000 00:00 0 
8def7000-8e0b4000 r--s 039f9000 08:01 12852413   /usr/lib/jvm/java-7-oracle/jre/lib/rt.jar
8e0b4000-8f800000 rw-p 00000000 00:00 0 
8f800000-8f8e1000 rw-p 00000000 00:00 0 
8f8e1000-8f900000 ---p 00000000 00:00 0 
8f900000-8f9fc000 rw-p 00000000 00:00 0 
8f9fc000-8fa00000 ---p 00000000 00:00 0 
8fa00000-8fa21000 rw-p 00000000 00:00 0 
8fa21000-8fb00000 ---p 00000000 00:00 0 
8fb00000-8fb08000 r-xp 00000000 08:01 9834964    /usr/lib/i386-linux-gnu/libXrender.so.1.3.0
8fb08000-8fb09000 r--p 00007000 08:01 9834964    /usr/lib/i386-linux-gnu/libXrender.so.1.3.0
8fb09000-8fb0a000 rw-p 00008000 08:01 9834964    /usr/lib/i386-linux-gnu/libXrender.so.1.3.0
8fb0a000-8fb15000 r--s 000af000 08:01 9440368    /home/maor/stf/prgrmin/DosimOnline/lib/slick.jar
8fb15000-8fb19000 r--s 00027000 08:01 9440406    /home/maor/stf/prgrmin/DosimOnline/lib/lwjgl_util.jar
8fb19000-8fb1a000 ---p 00000000 00:00 0 
8fb1a000-8fb9a000 rw-p 00000000 00:00 0 
8fb9a000-8fb9b000 ---p 00000000 00:00 0 
8fb9b000-8fc23000 rw-p 00000000 00:00 0 
8fc23000-8fc3b000 rw-p 00000000 00:00 0 
8fc3b000-8fc46000 rw-p 00000000 00:00 0 
8fc46000-8fce3000 rw-p 00000000 00:00 0 
8fce3000-8fceb000 rw-p 00000000 00:00 0 
8fceb000-8fd03000 rw-p 00000000 00:00 0 
8fd03000-8fd0e000 rw-p 00000000 00:00 0 
8fd0e000-8fdab000 rw-p 00000000 00:00 0 
8fdab000-8fdb5000 rw-p 00000000 00:00 0 
8fdb5000-8fdff000 rw-p 00000000 00:00 0 
8fdff000-90e00000 rw-p 00000000 00:00 0 
90e00000-93e00000 rw-p 00000000 00:00 0 
93e00000-95300000 rw-p 00000000 00:00 0 
95300000-a8e00000 rw-p 00000000 00:00 0 
a8e00000-aa060000 rw-p 00000000 00:00 0 
aa060000-b3600000 rw-p 00000000 00:00 0 
b3600000-b3601000 r--s 00000000 08:01 7083802    /var/cache/fontconfig/9aaa2214314cbd6ca8cd3e742b8db75a-le32d4.cache-3
b3601000-b360a000 rw-p 00000000 00:00 0 
b360a000-b36c1000 rw-p 00000000 00:00 0 
b36c1000-b3901000 rwxp 00000000 00:00 0 
b3901000-b66c1000 rw-p 00000000 00:00 0 
b66c1000-b66d8000 r-xp 00000000 08:01 12850027   /usr/lib/jvm/java-7-oracle/jre/lib/i386/libzip.so
b66d8000-b66d9000 rw-p 00017000 08:01 12850027   /usr/lib/jvm/java-7-oracle/jre/lib/i386/libzip.so
b66d9000-b66e4000 r-xp 00000000 08:01 7602219    /lib/i386-linux-gnu/libnss_files-2.15.so
b66e4000-b66e5000 r--p 0000a000 08:01 7602219    /lib/i386-linux-gnu/libnss_files-2.15.so
b66e5000-b66e6000 rw-p 0000b000 08:01 7602219    /lib/i386-linux-gnu/libnss_files-2.15.so
b66e6000-b66fc000 r-xp 00000000 08:01 7606040    /lib/i386-linux-gnu/libnsl-2.15.so
b66fc000-b66fd000 r--p 00015000 08:01 7606040    /lib/i386-linux-gnu/libnsl-2.15.so
b66fd000-b66fe000 rw-p 00016000 08:01 7606040    /lib/i386-linux-gnu/libnsl-2.15.so
b66fe000-b6700000 rw-p 00000000 00:00 0 
b6700000-b67f8000 rw-p 00000000 00:00 0 
b67f8000-b6800000 ---p 00000000 00:00 0 
b6800000-b6801000 r--s 00000000 08:01 9179761    /home/maor/.fontconfig/13c7e8db690c2a8542eee25f85c57d54-le32d4.cache-3
b6801000-b6803000 r--s 00009000 08:01 9440365    /home/maor/stf/prgrmin/DosimOnline/lib/marteEngine.jar
b6803000-b680d000 r-xp 00000000 08:01 7603084    /lib/i386-linux-gnu/libnss_nis-2.15.so
b680d000-b680e000 r--p 00009000 08:01 7603084    /lib/i386-linux-gnu/libnss_nis-2.15.so
b680e000-b680f000 rw-p 0000a000 08:01 7603084    /lib/i386-linux-gnu/libnss_nis-2.15.so
b680f000-b681c000 r--s 000e6000 08:01 9440405    /home/maor/stf/prgrmin/DosimOnline/lib/lwjgl.jar
b681c000-b6823000 r--s 00049000 08:01 9440404    /home/maor/stf/prgrmin/DosimOnline/lib/kryonet-2.18-all.jar
b6823000-b682b000 rw-s 00000000 08:01 9704152    /tmp/hsperfdata_maor/11730
b682b000-b684e000 r-xp 00000000 08:01 12851696   /usr/lib/jvm/java-7-oracle/jre/lib/i386/libjava.so
b684e000-b684f000 rw-p 00022000 08:01 12851696   /usr/lib/jvm/java-7-oracle/jre/lib/i386/libjava.so
b684f000-b6856000 r-xp 00000000 08:01 7602250    /lib/i386-linux-gnu/librt-2.15.so
b6856000-b6857000 r--p 00006000 08:01 7602250    /lib/i386-linux-gnu/librt-2.15.so
b6857000-b6858000 rw-p 00007000 08:01 7602250    /lib/i386-linux-gnu/librt-2.15.so
b6858000-b685b000 ---p 00000000 00:00 0 
b685b000-b68a9000 rw-p 00000000 00:00 0 
b68a9000-b68d3000 r-xp 00000000 08:01 7605991    /lib/i386-linux-gnu/libm-2.15.so
b68d3000-b68d4000 r--p 00029000 08:01 7605991    /lib/i386-linux-gnu/libm-2.15.so
b68d4000-b68d5000 rw-p 0002a000 08:01 7605991    /lib/i386-linux-gnu/libm-2.15.so
b68d5000-b7088000 r-xp 00000000 08:01 12849913   /usr/lib/jvm/java-7-oracle/jre/lib/i386/server/libjvm.so
b7088000-b70db000 rw-p 007b2000 08:01 12849913   /usr/lib/jvm/java-7-oracle/jre/lib/i386/server/libjvm.so
b70db000-b74fd000 rw-p 00000000 00:00 0 
b74fd000-b76a0000 r-xp 00000000 08:01 7602215    /lib/i386-linux-gnu/libc-2.15.so
b76a0000-b76a2000 r--p 001a3000 08:01 7602215    /lib/i386-linux-gnu/libc-2.15.so
b76a2000-b76a3000 rw-p 001a5000 08:01 7602215    /lib/i386-linux-gnu/libc-2.15.so
b76a3000-b76a6000 rw-p 00000000 00:00 0 
b76a6000-b76a9000 r-xp 00000000 08:01 7606035    /lib/i386-linux-gnu/libdl-2.15.so
b76a9000-b76aa000 r--p 00002000 08:01 7606035    /lib/i386-linux-gnu/libdl-2.15.so
b76aa000-b76ab000 rw-p 00003000 08:01 7606035    /lib/i386-linux-gnu/libdl-2.15.so
b76ab000-b76be000 r-xp 00000000 08:01 12850023   /usr/lib/jvm/java-7-oracle/jre/lib/i386/jli/libjli.so
b76be000-b76bf000 rw-p 00012000 08:01 12850023   /usr/lib/jvm/java-7-oracle/jre/lib/i386/jli/libjli.so
b76bf000-b76c0000 rw-p 00000000 00:00 0 
b76c0000-b76d7000 r-xp 00000000 08:01 7603091    /lib/i386-linux-gnu/libpthread-2.15.so
b76d7000-b76d8000 r--p 00016000 08:01 7603091    /lib/i386-linux-gnu/libpthread-2.15.so
b76d8000-b76d9000 rw-p 00017000 08:01 7603091    /lib/i386-linux-gnu/libpthread-2.15.so
b76d9000-b76db000 rw-p 00000000 00:00 0 
b76db000-b76dc000 rw-s 1e5bd000 00:05 10508      /dev/ati/card0
b76dc000-b76de000 r--s 00017000 08:01 9440364    /home/maor/stf/prgrmin/DosimOnline/lib/jorbis-0.0.17.jar
b76de000-b76df000 r--p 005e0000 08:01 9837571    /usr/lib/locale/locale-archive
b76df000-b76e0000 r--p 00858000 08:01 9837571    /usr/lib/locale/locale-archive
b76e0000-b76e7000 r-xp 00000000 08:01 7602217    /lib/i386-linux-gnu/libnss_compat-2.15.so
b76e7000-b76e8000 r--p 00006000 08:01 7602217    /lib/i386-linux-gnu/libnss_compat-2.15.so
b76e8000-b76e9000 rw-p 00007000 08:01 7602217    /lib/i386-linux-gnu/libnss_compat-2.15.so
b76e9000-b76ea000 rw-p 00000000 00:00 0 
b76ea000-b76eb000 r--p 00000000 00:00 0 
b76eb000-b76f6000 r-xp 00000000 08:01 12848057   /usr/lib/jvm/java-7-oracle/jre/lib/i386/libverify.so
b76f6000-b76f7000 rw-p 0000b000 08:01 12848057   /usr/lib/jvm/java-7-oracle/jre/lib/i386/libverify.so
b76f7000-b76f9000 rw-p 00000000 00:00 0 
b76f9000-b76fa000 r-xp 00000000 00:00 0          [vdso]
b76fa000-b771a000 r-xp 00000000 08:01 7606032    /lib/i386-linux-gnu/ld-2.15.so
b771a000-b771b000 r--p 0001f000 08:01 7606032    /lib/i386-linux-gnu/ld-2.15.so
b771b000-b771c000 rw-p 00020000 08:01 7606032    /lib/i386-linux-gnu/ld-2.15.so
bf8dd000-bf8fe000 rw-p 00000000 00:00 0          [stack]

VM Arguments:
jvm_args: -Dfile.encoding=UTF-8 -Djava.library.path=/home/maor/stf/prgrmin/DosimOnline/lib/native/linux 
java_command: org.dosimonline.DosimOnline
Launcher Type: SUN_STANDARD

Environment Variables:
PATH=/usr/lib/lightdm/lightdm:/usr/local/sbin:/usr/local/bin:/usr/sbin:/usr/bin:/sbin:/bin:/usr/games
LD_LIBRARY_PATH=/usr/lib/jvm/java-7-oracle/jre/lib/amd64:/usr/lib/jvm/java-7-oracle/jre/lib/i386:
SHELL=/bin/bash
DISPLAY=:0

Signal Handlers:
SIGSEGV: [libjvm.so+0x71d560], sa_mask[0]=0x7ffbfeff, sa_flags=0x10000004
SIGBUS: [libjvm.so+0x71d560], sa_mask[0]=0x7ffbfeff, sa_flags=0x10000004
SIGFPE: [libjvm.so+0x5d74f0], sa_mask[0]=0x7ffbfeff, sa_flags=0x10000004
SIGPIPE: [libjvm.so+0x5d74f0], sa_mask[0]=0x7ffbfeff, sa_flags=0x10000004
SIGXFSZ: [libjvm.so+0x5d74f0], sa_mask[0]=0x7ffbfeff, sa_flags=0x10000004
SIGILL: [libjvm.so+0x5d74f0], sa_mask[0]=0x7ffbfeff, sa_flags=0x10000004
SIGUSR1: SIG_DFL, sa_mask[0]=0x00000000, sa_flags=0x00000000
SIGUSR2: [libjvm.so+0x5d6dd0], sa_mask[0]=0x00000004, sa_flags=0x10000004
SIGHUP: [libjvm.so+0x5d93c0], sa_mask[0]=0x7ffbfeff, sa_flags=0x10000004
SIGINT: SIG_IGN, sa_mask[0]=0x00000000, sa_flags=0x00000000
SIGTERM: [libjvm.so+0x5d93c0], sa_mask[0]=0x7ffbfeff, sa_flags=0x10000004
SIGQUIT: [libjvm.so+0x5d93c0], sa_mask[0]=0x7ffbfeff, sa_flags=0x10000004


---------------  S Y S T E M  ---------------

OS:wheezy/sid

uname:Linux 3.2.0-48-generic-pae #74-Ubuntu SMP Thu Jun 6 20:05:01 UTC 2013 i686
libc:glibc 2.15 NPTL 2.15 
rlimit: STACK 8192k, CORE 0k, NPROC 15989, NOFILE 4096, AS infinity
load average:2.55 2.47 2.27

/proc/meminfo:
MemTotal:        2061328 kB
MemFree:          151044 kB
Buffers:           23588 kB
Cached:           448036 kB
SwapCached:        15668 kB
Active:           991716 kB
Inactive:         702212 kB
Active(anon):     794576 kB
Inactive(anon):   461724 kB
Active(file):     197140 kB
Inactive(file):   240488 kB
Unevictable:          32 kB
Mlocked:              32 kB
HighTotal:       1183688 kB
HighFree:          28380 kB
LowTotal:         877640 kB
LowFree:          122664 kB
SwapTotal:       2096124 kB
SwapFree:        1974000 kB
Dirty:              3084 kB
Writeback:             0 kB
AnonPages:       1211184 kB
Mapped:           188020 kB
Shmem:             33996 kB
Slab:              45600 kB
SReclaimable:      25612 kB
SUnreclaim:        19988 kB
KernelStack:        4080 kB
PageTables:        14912 kB
NFS_Unstable:          0 kB
Bounce:                0 kB
WritebackTmp:          0 kB
CommitLimit:     3126788 kB
Committed_AS:    4415304 kB
VmallocTotal:     122880 kB
VmallocUsed:       27316 kB
VmallocChunk:      94452 kB
HardwareCorrupted:     0 kB
AnonHugePages:         0 kB
HugePages_Total:       0
HugePages_Free:        0
HugePages_Rsvd:        0
HugePages_Surp:        0
Hugepagesize:       2048 kB
DirectMap4k:       92152 kB
DirectMap2M:      821248 kB


CPU:total 2 (2 cores per cpu, 1 threads per core) family 16 model 4 stepping 2, cmov, cx8, fxsr, mmx, sse, sse2, sse3, popcnt, mmxext, 3dnowpref, lzcnt, sse4a, tsc, tscinvbit, tscinv

/proc/cpuinfo:
processor	: 0
vendor_id	: AuthenticAMD
cpu family	: 16
model		: 4
model name	: AMD Athlon(tm) 5000 Dual-Core Processor
stepping	: 2
microcode	: 0x1000086
cpu MHz		: 2200.000
cache size	: 512 KB
physical id	: 0
siblings	: 2
core id		: 0
cpu cores	: 2
apicid		: 0
initial apicid	: 0
fdiv_bug	: no
hlt_bug		: no
f00f_bug	: no
coma_bug	: no
fpu		: yes
fpu_exception	: yes
cpuid level	: 5
wp		: yes
flags		: fpu vme de pse tsc msr pae mce cx8 apic sep mtrr pge mca cmov pat pse36 clflush mmx fxsr sse sse2 ht syscall nx mmxext fxsr_opt pdpe1gb rdtscp lm 3dnowext 3dnow constant_tsc nonstop_tsc extd_apicid pni monitor cx16 popcnt lahf_lm cmp_legacy svm extapic cr8_legacy abm sse4a misalignsse 3dnowprefetch osvw ibs skinit wdt npt lbrv svm_lock nrip_save
bogomips	: 4419.90
clflush size	: 64
cache_alignment	: 64
address sizes	: 48 bits physical, 48 bits virtual
power management: ts ttp tm stc 100mhzsteps hwpstate

processor	: 1
vendor_id	: AuthenticAMD
cpu family	: 16
model		: 4
model name	: AMD Athlon(tm) 5000 Dual-Core Processor
stepping	: 2
microcode	: 0x1000086
cpu MHz		: 2200.000
cache size	: 512 KB
physical id	: 0
siblings	: 2
core id		: 1
cpu cores	: 2
apicid		: 1
initial apicid	: 1
fdiv_bug	: no
hlt_bug		: no
f00f_bug	: no
coma_bug	: no
fpu		: yes
fpu_exception	: yes
cpuid level	: 5
wp		: yes
flags		: fpu vme de pse tsc msr pae mce cx8 apic sep mtrr pge mca cmov pat pse36 clflush mmx fxsr sse sse2 ht syscall nx mmxext fxsr_opt pdpe1gb rdtscp lm 3dnowext 3dnow constant_tsc nonstop_tsc extd_apicid pni monitor cx16 popcnt lahf_lm cmp_legacy svm extapic cr8_legacy abm sse4a misalignsse 3dnowprefetch osvw ibs skinit wdt npt lbrv svm_lock nrip_save
bogomips	: 4420.10
clflush size	: 64
cache_alignment	: 64
address sizes	: 48 bits physical, 48 bits virtual
power management: ts ttp tm stc 100mhzsteps hwpstate



Memory: 4k page, physical 2061328k(151044k free), swap 2096124k(1974000k free)

vm_info: Java HotSpot(TM) Server VM (23.25-b01) for linux-x86 JRE (1.7.0_25-b15), built on Jun  5 2013 20:53:39 by "java_re" with gcc 4.3.0 20080428 (Red Hat 4.3.0-8)

time: Thu Jul 18 16:51:30 2013
elapsed time: 4 seconds

